<?xml version="1.0" encoding="UTF-8"?>
<!-- Generated by org.testng.reporters.JUnitReportReporter -->
<testsuite skipped="0" hostname="TYSS-4F-065" name="com.test.demo.ExtentReportsClass" tests="2" failures="0" timestamp="19 Jul 2017 06:17:59 GMT" time="0.010" errors="0">
  <testcase name="failTest" time="0.007" classname="com.test.demo.ExtentReportsClass"/>
  <testcase name="passTest" time="0.003" classname="com.test.demo.ExtentReportsClass"/>
</testsuite> <!-- com.test.demo.ExtentReportsClass -->
